Copyright 1986-2018 Xilinx, Inc. All Rights Reserved.
-------------------------------------------------------------------------------------------------------------------------------------------------------
| Tool Version     : Vivado v.2018.2 (win64) Build 2258646 Thu Jun 14 20:03:12 MDT 2018
| Date             : Thu Apr  1 14:15:16 2021
| Host             : DESKTOP-KAOI2E3 running 64-bit major release  (build 9200)
| Command          : report_power -file Top_Student_power_routed.rpt -pb Top_Student_power_summary_routed.pb -rpx Top_Student_power_routed.rpx
| Design           : Top_Student
| Device           : xc7a35tcpg236-1
| Design State     : routed
| Grade            : commercial
| Process          : typical
| Characterization : Production
-------------------------------------------------------------------------------------------------------------------------------------------------------

Power Report

Table of Contents
-----------------
1. Summary
1.1 On-Chip Components
1.2 Power Supply Summary
1.3 Confidence Level
2. Settings
2.1 Environment
2.2 Clock Constraints
3. Detailed Reports
3.1 By Hierarchy

1. Summary
----------

+--------------------------+--------------+
| Total On-Chip Power (W)  | 0.096        |
| Design Power Budget (W)  | Unspecified* |
| Power Budget Margin (W)  | NA           |
| Dynamic (W)              | 0.024        |
| Device Static (W)        | 0.072        |
| Effective TJA (C/W)      | 5.0          |
| Max Ambient (C)          | 84.5         |
| Junction Temperature (C) | 25.5         |
| Confidence Level         | Low          |
| Setting File             | ---          |
| Simulation Activity File | ---          |
| Design Nets Matched      | NA           |
+--------------------------+--------------+
* Specify Design Power Budget using, set_operating_conditions -design_power_budget <value in Watts>


1.1 On-Chip Components
----------------------

+----------------+-----------+----------+-----------+-----------------+
| On-Chip        | Power (W) | Used     | Available | Utilization (%) |
+----------------+-----------+----------+-----------+-----------------+
| Clocks         |     0.003 |        3 |       --- |             --- |
| Slice Logic    |     0.008 |     4731 |       --- |             --- |
|   LUT as Logic |     0.008 |     2870 |     20800 |           13.80 |
|   CARRY4       |    <0.001 |      438 |      8150 |            5.37 |
|   Register     |    <0.001 |      648 |     41600 |            1.56 |
|   F7/F8 Muxes  |    <0.001 |       66 |     32600 |            0.20 |
|   BUFG         |    <0.001 |        2 |        32 |            6.25 |
|   Others       |     0.000 |       84 |       --- |             --- |
| Signals        |     0.007 |     3892 |       --- |             --- |
| I/O            |     0.005 |       52 |       106 |           49.06 |
| Static Power   |     0.072 |          |           |                 |
| Total          |     0.096 |          |           |                 |
+----------------+-----------+----------+-----------+-----------------+


1.2 Power Supply Summary
------------------------

+-----------+-------------+-----------+-------------+------------+
| Source    | Voltage (V) | Total (A) | Dynamic (A) | Static (A) |
+-----------+-------------+-----------+-------------+------------+
| Vccint    |       1.000 |     0.028 |       0.019 |      0.010 |
| Vccaux    |       1.800 |     0.013 |       0.000 |      0.013 |
| Vcco33    |       3.300 |     0.002 |       0.001 |      0.001 |
| Vcco25    |       2.500 |     0.000 |       0.000 |      0.000 |
| Vcco18    |       1.800 |     0.000 |       0.000 |      0.000 |
| Vcco15    |       1.500 |     0.000 |       0.000 |      0.000 |
| Vcco135   |       1.350 |     0.000 |       0.000 |      0.000 |
| Vcco12    |       1.200 |     0.000 |       0.000 |      0.000 |
| Vccaux_io |       1.800 |     0.000 |       0.000 |      0.000 |
| Vccbram   |       1.000 |     0.000 |       0.000 |      0.000 |
| MGTAVcc   |       1.000 |     0.000 |       0.000 |      0.000 |
| MGTAVtt   |       1.200 |     0.000 |       0.000 |      0.000 |
| Vccadc    |       1.800 |     0.020 |       0.000 |      0.020 |
+-----------+-------------+-----------+-------------+------------+


1.3 Confidence Level
--------------------

+-----------------------------+------------+--------------------------------------------------------+--------------------------------------------------------------------------------------------------------------------+
| User Input Data             | Confidence | Details                                                | Action                                                                                                             |
+-----------------------------+------------+--------------------------------------------------------+--------------------------------------------------------------------------------------------------------------------+
| Design implementation state | High       | Design is routed                                       |                                                                                                                    |
| Clock nodes activity        | Low        | User specified less than 75% of clocks                 | Provide missing clock activity with a constraint file, simulation results or by editing the "By Clock Domain" view |
| I/O nodes activity          | Low        | More than 75% of inputs are missing user specification | Provide missing input activity with simulation results or by editing the "By Resource Type -> I/Os" view           |
| Internal nodes activity     | Medium     | User specified less than 25% of internal nodes         | Provide missing internal nodes activity with simulation results or by editing the "By Resource Type" views         |
| Device models               | High       | Device models are Production                           |                                                                                                                    |
|                             |            |                                                        |                                                                                                                    |
| Overall confidence level    | Low        |                                                        |                                                                                                                    |
+-----------------------------+------------+--------------------------------------------------------+--------------------------------------------------------------------------------------------------------------------+


2. Settings
-----------

2.1 Environment
---------------

+-----------------------+--------------------------+
| Ambient Temp (C)      | 25.0                     |
| ThetaJA (C/W)         | 5.0                      |
| Airflow (LFM)         | 250                      |
| Heat Sink             | medium (Medium Profile)  |
| ThetaSA (C/W)         | 4.6                      |
| Board Selection       | medium (10"x10")         |
| # of Board Layers     | 12to15 (12 to 15 Layers) |
| Board Temperature (C) | 25.0                     |
+-----------------------+--------------------------+


2.2 Clock Constraints
---------------------

+-------------+-----------+-----------------+
| Clock       | Domain    | Constraint (ns) |
+-------------+-----------+-----------------+
| sys_clk_pin | CLK100MHZ |            10.0 |
+-------------+-----------+-----------------+


3. Detailed Reports
-------------------

3.1 By Hierarchy
----------------

+---------------------+-----------+
| Name                | Power (W) |
+---------------------+-----------+
| Top_Student         |     0.024 |
|   audio             |    <0.001 |
|   clk20khz          |    <0.001 |
|   clkled            |    <0.001 |
|   dip_freq          |    <0.001 |
|     nolabel_line100 |    <0.001 |
|     segmentclk      |    <0.001 |
|   freq              |    <0.001 |
|   goku_game         |    <0.001 |
|     frames          |    <0.001 |
|     goku            |    <0.001 |
|   menudisplay       |     0.002 |
|     frames          |    <0.001 |
|     left            |    <0.001 |
|       dff1          |    <0.001 |
|       dff2          |     0.000 |
|       sclock        |    <0.001 |
|     menuselect      |    <0.001 |
|       dff1          |     0.000 |
|       dff2          |     0.000 |
|       sclock        |    <0.001 |
|     right           |    <0.001 |
|       dff1          |    <0.001 |
|       dff2          |     0.000 |
|       sclock        |    <0.001 |
|     sclock          |    <0.001 |
|     select          |    <0.001 |
|       dff1          |    <0.001 |
|       dff2          |     0.000 |
|       sclock        |    <0.001 |
|   oled              |     0.011 |
|   resetbutton       |    <0.001 |
|     dff1            |    <0.001 |
|     dff2            |     0.000 |
|     sclock          |    <0.001 |
|   volume            |    <0.001 |
|     nolabel_line76  |    <0.001 |
|     nolabel_line78  |    <0.001 |
|     segmentclk      |    <0.001 |
|     slowclk         |    <0.001 |
|   volumebar         |     0.001 |
|     sclock          |    <0.001 |
|     shiftleft       |    <0.001 |
|       dff1          |     0.000 |
|       dff2          |     0.000 |
|       sclock        |    <0.001 |
|     shiftright      |    <0.001 |
|       dff1          |     0.000 |
|       dff2          |     0.000 |
|       sclock        |    <0.001 |
+---------------------+-----------+


